Restore Archived Project report for lab6
Wed Mar 07 21:00:18 2018
Quartus II 64-Bit Version 15.0.2 Build 153 07/15/2015 SJ Full Version


---------------------
; Table of Contents ;
---------------------
  1. Legal Notice
  2. Restore Archived Project Summary
  3. Restore Archived Project Messages
  4. Files Restored
  5. Files Not Restored



----------------
; Legal Notice ;
----------------
Copyright (C) 1991-2015 Altera Corporation. All rights reserved.
Your use of Altera Corporation's design tools, logic functions 
and other software and tools, and its AMPP partner logic 
functions, and any output files from any of the foregoing 
(including device programming or simulation files), and any 
associated documentation or information are expressly subject 
to the terms and conditions of the Altera Program License 
Subscription Agreement, the Altera Quartus II License Agreement,
the Altera MegaCore Function License Agreement, or other 
applicable license agreement, including, without limitation, 
that your use is for the sole purpose of programming logic 
devices manufactured by Altera and sold by Altera or its 
authorized distributors.  Please refer to the applicable 
agreement for further details.



+-------------------------------------------------------------------------+
; Restore Archived Project Summary                                        ;
+---------------------------------+---------------------------------------+
; Restore Archived Project Status ; Successful - Wed Mar 07 21:00:18 2018 ;
; Revision Name                   ; lab6                                  ;
; Top-level Entity Name           ; slc3                                  ;
; Family                          ; Cyclone IV E                          ;
+---------------------------------+---------------------------------------+


+-----------------------------------+
; Restore Archived Project Messages ;
+-----------------------------------+
Info: Successfully restored 'U:/ece385/lab6_demo/lab6_jbai10_jhu41_ABG.qar' into the 'U:/ece385/lab6_demo/lab6_jbai10_jhu41_ABG_restored/' directory
Info: Generated report 'lab6.restore.rpt'
Info (23030): Evaluation of Tcl script c:/altera/15.0/quartus/common/tcl/apps/qpm/qar.tcl was successful
Info: Quartus II 64-Bit Shell was successful. 0 errors, 0 warnings
    Info: Peak virtual memory: 340 megabytes
    Info: Processing ended: Wed Mar 07 21:00:18 2018
    Info: Elapsed time: 00:00:01
    Info: Total CPU time (on all processors): 00:00:01


+------------------------------+
; Files Restored               ;
+------------------------------+
; File Name                    ;
+------------------------------+
; qar_info.json                ;
; ALU_ADDRESS.sv               ;
; ALU_LOGIC.sv                 ;
; CC.sv                        ;
; ISDU.sv                      ;
; Mem2IO.sv                    ;
; Real_reg_file.sv             ;
; SEXT.sv                      ;
; SEXT_5.sv                    ;
; SEXT_6.sv                    ;
; SEXT_9.sv                    ;
; SLC3_2.sv                    ;
; bus.sv                       ;
; datapath.sv                  ;
; hexdriver.sv                 ;
; lab6.qpf                     ;
; lab6.qsf                     ;
; lab6_assignment_defaults.qdf ;
; lab6_toplevel.sv             ;
; memory_contents.sv           ;
; mux_3.sv                     ;
; mux_4.sv                     ;
; mux_module.sv                ;
; output_files/syncronizer.sv  ;
; pc.sv                        ;
; regis_file.sv                ;
; slc3.sv                      ;
; test_memory.sv               ;
; testbench.sv                 ;
; tristate.sv                  ;
+------------------------------+


+--------------------+
; Files Not Restored ;
+--------------------+
; File Name          ;
+--------------------+


