Info: Starting: Create block symbol file (.bsf)
Info: qsys-generate U:\ece385\Lab9_Avalon_Provided_2.0\embedded_system.qsys --block-symbol-file --output-directory=U:\ece385\Lab9_Avalon_Provided_2.0\embedded_system --family="Cyclone IV E" --part=EP4CE115F29C7
Progress: Loading Lab9_Avalon_Provided_2.0/embedded_system.qsys
Progress: Reading input file
Progress: Adding AES_Decryption [AES_Decryption_Core 1.0]
Progress: Parameterizing module AES_Decryption
Progress: Adding SDRAM [altera_avalon_new_sdram_controller 15.0]
Progress: Parameterizing module SDRAM
Progress: Adding SDRAM_PLL [altpll 15.0]
Progress: Parameterizing module SDRAM_PLL
Progress: Adding clk_0 [clock_source 15.0]
Progress: Parameterizing module clk_0
Progress: Adding jtag_uart_0 [altera_avalon_jtag_uart 15.0]
Progress: Parameterizing module jtag_uart_0
Progress: Adding nios2_gen2_0 [altera_nios2_gen2 15.0]
Progress: Parameterizing module nios2_gen2_0
Progress: Adding onchip_memory2_0 [altera_avalon_onchip_memory2 15.0]
Progress: Parameterizing module onchip_memory2_0
Progress: Adding sysid_qsys_0 [altera_avalon_sysid_qsys 15.0]
Progress: Parameterizing module sysid_qsys_0
Progress: Adding timer_0 [altera_avalon_timer 15.0]
Progress: Parameterizing module timer_0
Progress: Building connections
Progress: Parameterizing connections
Progress: Validating
Progress: Done reading input file
Info: embedded_system.sysid_qsys_0: System ID is not assigned automatically. Edit the System ID parameter to provide a unique ID
Info: embedded_system.sysid_qsys_0: Time stamp will be automatically updated when this component is generated.
Warning: embedded_system.SDRAM_PLL: SDRAM_PLL.areset_conduit must be exported, or connected to a matching conduit.
Warning: embedded_system.SDRAM_PLL: SDRAM_PLL.locked_conduit must be exported, or connected to a matching conduit.
Warning: embedded_system.SDRAM_PLL: SDRAM_PLL.phasedone_conduit must be exported, or connected to a matching conduit.
Info: ip-generate succeeded.
Info: Finished: Create block symbol file (.bsf)
Info: 
Info: Starting: Create HDL design files for synthesis
Info: qsys-generate U:\ece385\Lab9_Avalon_Provided_2.0\embedded_system.qsys --synthesis=VERILOG --output-directory=U:\ece385\Lab9_Avalon_Provided_2.0\embedded_system\synthesis --family="Cyclone IV E" --part=EP4CE115F29C7
Progress: Loading Lab9_Avalon_Provided_2.0/embedded_system.qsys
Progress: Reading input file
Progress: Adding AES_Decryption [AES_Decryption_Core 1.0]
Progress: Parameterizing module AES_Decryption
Progress: Adding SDRAM [altera_avalon_new_sdram_controller 15.0]
Progress: Parameterizing module SDRAM
Progress: Adding SDRAM_PLL [altpll 15.0]
Progress: Parameterizing module SDRAM_PLL
Progress: Adding clk_0 [clock_source 15.0]
Progress: Parameterizing module clk_0
Progress: Adding jtag_uart_0 [altera_avalon_jtag_uart 15.0]
Progress: Parameterizing module jtag_uart_0
Progress: Adding nios2_gen2_0 [altera_nios2_gen2 15.0]
Progress: Parameterizing module nios2_gen2_0
Progress: Adding onchip_memory2_0 [altera_avalon_onchip_memory2 15.0]
Progress: Parameterizing module onchip_memory2_0
Progress: Adding sysid_qsys_0 [altera_avalon_sysid_qsys 15.0]
Progress: Parameterizing module sysid_qsys_0
Progress: Adding timer_0 [altera_avalon_timer 15.0]
Progress: Parameterizing module timer_0
Progress: Building connections
Progress: Parameterizing connections
Progress: Validating
Progress: Done reading input file
Info: embedded_system.sysid_qsys_0: System ID is not assigned automatically. Edit the System ID parameter to provide a unique ID
Info: embedded_system.sysid_qsys_0: Time stamp will be automatically updated when this component is generated.
Warning: embedded_system.SDRAM_PLL: SDRAM_PLL.areset_conduit must be exported, or connected to a matching conduit.
Warning: embedded_system.SDRAM_PLL: SDRAM_PLL.locked_conduit must be exported, or connected to a matching conduit.
Warning: embedded_system.SDRAM_PLL: SDRAM_PLL.phasedone_conduit must be exported, or connected to a matching conduit.
Info: embedded_system: Generating embedded_system "embedded_system" for QUARTUS_SYNTH
Info: Inserting clock-crossing logic between cmd_demux.src6 and cmd_mux_006.sink0
Info: Inserting clock-crossing logic between cmd_demux_001.src4 and cmd_mux_006.sink1
Info: Inserting clock-crossing logic between rsp_demux_006.src0 and rsp_mux.sink6
Info: Inserting clock-crossing logic between rsp_demux_006.src1 and rsp_mux_001.sink4
Info: AES_Decryption: "embedded_system" instantiated AES_Decryption_Core "AES_Decryption"
Info: SDRAM: Starting RTL generation for module 'embedded_system_SDRAM'
Info: SDRAM:   Generation command is [exec C:/altera/15.0/quartus/bin64/perl/bin/perl.exe -I C:/altera/15.0/quartus/bin64/perl/lib -I C:/altera/15.0/quartus/sopc_builder/bin/europa -I C:/altera/15.0/quartus/sopc_builder/bin/perl_lib -I C:/altera/15.0/quartus/sopc_builder/bin -I C:/altera/15.0/quartus/../ip/altera/sopc_builder_ip/common -I C:/altera/15.0/quartus/../ip/altera/sopc_builder_ip/altera_avalon_new_sdram_controller -- C:/altera/15.0/quartus/../ip/altera/sopc_builder_ip/altera_avalon_new_sdram_controller/generate_rtl.pl --name=embedded_system_SDRAM --dir=C:/Users/jhu41/AppData/Local/Temp/alt7616_793024349269944447.dir/0002_SDRAM_gen/ --quartus_dir=C:/altera/15.0/quartus --verilog --config=C:/Users/jhu41/AppData/Local/Temp/alt7616_793024349269944447.dir/0002_SDRAM_gen//embedded_system_SDRAM_component_configuration.pl  --do_build_sim=0  ]
Info: SDRAM: Done RTL generation for module 'embedded_system_SDRAM'
Info: SDRAM: "embedded_system" instantiated altera_avalon_new_sdram_controller "SDRAM"
Info: SDRAM_PLL: "embedded_system" instantiated altpll "SDRAM_PLL"
Info: jtag_uart_0: Starting RTL generation for module 'embedded_system_jtag_uart_0'
Info: jtag_uart_0:   Generation command is [exec C:/altera/15.0/quartus/bin64/perl/bin/perl.exe -I C:/altera/15.0/quartus/bin64/perl/lib -I C:/altera/15.0/quartus/sopc_builder/bin/europa -I C:/altera/15.0/quartus/sopc_builder/bin/perl_lib -I C:/altera/15.0/quartus/sopc_builder/bin -I C:/altera/15.0/quartus/../ip/altera/sopc_builder_ip/common -I C:/altera/15.0/quartus/../ip/altera/sopc_builder_ip/altera_avalon_jtag_uart -- C:/altera/15.0/quartus/../ip/altera/sopc_builder_ip/altera_avalon_jtag_uart/generate_rtl.pl --name=embedded_system_jtag_uart_0 --dir=C:/Users/jhu41/AppData/Local/Temp/alt7616_793024349269944447.dir/0005_jtag_uart_0_gen/ --quartus_dir=C:/altera/15.0/quartus --verilog --config=C:/Users/jhu41/AppData/Local/Temp/alt7616_793024349269944447.dir/0005_jtag_uart_0_gen//embedded_system_jtag_uart_0_component_configuration.pl  --do_build_sim=0  ]
Info: jtag_uart_0: Done RTL generation for module 'embedded_system_jtag_uart_0'
Info: jtag_uart_0: "embedded_system" instantiated altera_avalon_jtag_uart "jtag_uart_0"
Info: nios2_gen2_0: "embedded_system" instantiated altera_nios2_gen2 "nios2_gen2_0"
Info: onchip_memory2_0: Starting RTL generation for module 'embedded_system_onchip_memory2_0'
Info: onchip_memory2_0:   Generation command is [exec C:/altera/15.0/quartus/bin64/perl/bin/perl.exe -I C:/altera/15.0/quartus/bin64/perl/lib -I C:/altera/15.0/quartus/sopc_builder/bin/europa -I C:/altera/15.0/quartus/sopc_builder/bin/perl_lib -I C:/altera/15.0/quartus/sopc_builder/bin -I C:/altera/15.0/quartus/../ip/altera/sopc_builder_ip/common -I C:/altera/15.0/quartus/../ip/altera/sopc_builder_ip/altera_avalon_onchip_memory2 -- C:/altera/15.0/quartus/../ip/altera/sopc_builder_ip/altera_avalon_onchip_memory2/generate_rtl.pl --name=embedded_system_onchip_memory2_0 --dir=C:/Users/jhu41/AppData/Local/Temp/alt7616_793024349269944447.dir/0006_onchip_memory2_0_gen/ --quartus_dir=C:/altera/15.0/quartus --verilog --config=C:/Users/jhu41/AppData/Local/Temp/alt7616_793024349269944447.dir/0006_onchip_memory2_0_gen//embedded_system_onchip_memory2_0_component_configuration.pl  --do_build_sim=0  ]
Info: onchip_memory2_0: Done RTL generation for module 'embedded_system_onchip_memory2_0'
Info: onchip_memory2_0: "embedded_system" instantiated altera_avalon_onchip_memory2 "onchip_memory2_0"
Info: sysid_qsys_0: "embedded_system" instantiated altera_avalon_sysid_qsys "sysid_qsys_0"
Info: timer_0: Starting RTL generation for module 'embedded_system_timer_0'
Info: timer_0:   Generation command is [exec C:/altera/15.0/quartus/bin64//perl/bin/perl.exe -I C:/altera/15.0/quartus/bin64//perl/lib -I C:/altera/15.0/quartus/sopc_builder/bin/europa -I C:/altera/15.0/quartus/sopc_builder/bin/perl_lib -I C:/altera/15.0/quartus/sopc_builder/bin -I C:/altera/15.0/quartus/../ip/altera/sopc_builder_ip/common -I C:/altera/15.0/quartus/../ip/altera/sopc_builder_ip/altera_avalon_timer -- C:/altera/15.0/quartus/../ip/altera/sopc_builder_ip/altera_avalon_timer/generate_rtl.pl --name=embedded_system_timer_0 --dir=C:/Users/jhu41/AppData/Local/Temp/alt7616_793024349269944447.dir/0008_timer_0_gen/ --quartus_dir=C:/altera/15.0/quartus --verilog --config=C:/Users/jhu41/AppData/Local/Temp/alt7616_793024349269944447.dir/0008_timer_0_gen//embedded_system_timer_0_component_configuration.pl  --do_build_sim=0  ]
Info: timer_0: Done RTL generation for module 'embedded_system_timer_0'
Info: timer_0: "embedded_system" instantiated altera_avalon_timer "timer_0"
Info: avalon_st_adapter: Inserting error_adapter: error_adapter_0
Info: avalon_st_adapter_001: Inserting error_adapter: error_adapter_0
Info: avalon_st_adapter_002: Inserting error_adapter: error_adapter_0
Info: avalon_st_adapter_003: Inserting error_adapter: error_adapter_0
Info: avalon_st_adapter_004: Inserting error_adapter: error_adapter_0
Info: avalon_st_adapter_005: Inserting error_adapter: error_adapter_0
Info: avalon_st_adapter_006: Inserting error_adapter: error_adapter_0
Info: avalon_st_adapter_007: Inserting error_adapter: error_adapter_0
Info: mm_interconnect_0: "embedded_system" instantiated altera_mm_interconnect "mm_interconnect_0"
Info: irq_mapper: "embedded_system" instantiated altera_irq_mapper "irq_mapper"
Info: rst_controller: "embedded_system" instantiated altera_reset_controller "rst_controller"
Info: cpu: Starting RTL generation for module 'embedded_system_nios2_gen2_0_cpu'
Info: cpu:   Generation command is [exec C:/altera/15.0/quartus/bin64/eperlcmd.exe -I C:/altera/15.0/quartus/bin64/perl/lib -I C:/altera/15.0/quartus/sopc_builder/bin/europa -I C:/altera/15.0/quartus/sopc_builder/bin/perl_lib -I C:/altera/15.0/quartus/sopc_builder/bin -I C:/altera/15.0/quartus/../ip/altera/nios2_ip/altera_nios2_gen2/cpu_lib -I C:/altera/15.0/quartus/../ip/altera/nios2_ip/altera_nios2_gen2/nios_lib -I C:/altera/15.0/quartus/../ip/altera/nios2_ip/altera_nios2_gen2 -I C:/altera/15.0/quartus/../ip/altera/nios2_ip/altera_nios2_gen2 -- C:/altera/15.0/quartus/../ip/altera/nios2_ip/altera_nios2_gen2/generate_rtl.epl --name=embedded_system_nios2_gen2_0_cpu --dir=C:/Users/jhu41/AppData/Local/Temp/alt7616_793024349269944447.dir/0011_cpu_gen/ --quartus_bindir=C:/altera/15.0/quartus/bin64 --verilog --config=C:/Users/jhu41/AppData/Local/Temp/alt7616_793024349269944447.dir/0011_cpu_gen//embedded_system_nios2_gen2_0_cpu_processor_configuration.pl  --do_build_sim=0  ]
Info: cpu: # 2018.03.25 23:08:51 (*) Starting Nios II generation
Info: cpu: # 2018.03.25 23:08:51 (*)   Checking for plaintext license.
Info: cpu: # 2018.03.25 23:08:52 (*)   Couldn't query license setup in Quartus directory C:/altera/15.0/quartus/bin64
Info: cpu: # 2018.03.25 23:08:52 (*)   Defaulting to contents of LM_LICENSE_FILE environment variable
Info: cpu: # 2018.03.25 23:08:53 (*)   Plaintext license not found.
Info: cpu: # 2018.03.25 23:08:53 (*)   No license required to generate encrypted Nios II/e.
Info: cpu: # 2018.03.25 23:08:53 (*)   Elaborating CPU configuration settings
Info: cpu: # 2018.03.25 23:08:53 (*)   Creating all objects for CPU
Info: cpu: # 2018.03.25 23:08:54 (*)   Generating RTL from CPU objects
Info: cpu: # 2018.03.25 23:08:54 (*)   Creating plain-text RTL
Info: cpu: # 2018.03.25 23:08:55 (*) Done Nios II generation
Info: cpu: Done RTL generation for module 'embedded_system_nios2_gen2_0_cpu'
Info: cpu: "nios2_gen2_0" instantiated altera_nios2_gen2_unit "cpu"
Info: nios2_gen2_0_data_master_translator: "mm_interconnect_0" instantiated altera_merlin_master_translator "nios2_gen2_0_data_master_translator"
Info: AES_Decryption_AES_Slave_translator: "mm_interconnect_0" instantiated altera_merlin_slave_translator "AES_Decryption_AES_Slave_translator"
Info: nios2_gen2_0_data_master_agent: "mm_interconnect_0" instantiated altera_merlin_master_agent "nios2_gen2_0_data_master_agent"
Info: AES_Decryption_AES_Slave_agent: "mm_interconnect_0" instantiated altera_merlin_slave_agent "AES_Decryption_AES_Slave_agent"
Info: AES_Decryption_AES_Slave_agent_rsp_fifo: "mm_interconnect_0" instantiated altera_avalon_sc_fifo "AES_Decryption_AES_Slave_agent_rsp_fifo"
Info: router: "mm_interconnect_0" instantiated altera_merlin_router "router"
Info: router_001: "mm_interconnect_0" instantiated altera_merlin_router "router_001"
Info: router_002: "mm_interconnect_0" instantiated altera_merlin_router "router_002"
Info: router_004: "mm_interconnect_0" instantiated altera_merlin_router "router_004"
Info: cmd_demux: "mm_interconnect_0" instantiated altera_merlin_demultiplexer "cmd_demux"
Info: cmd_demux_001: "mm_interconnect_0" instantiated altera_merlin_demultiplexer "cmd_demux_001"
Info: cmd_mux: "mm_interconnect_0" instantiated altera_merlin_multiplexer "cmd_mux"
Info: cmd_mux_002: "mm_interconnect_0" instantiated altera_merlin_multiplexer "cmd_mux_002"
Info: Reusing file U:/ece385/Lab9_Avalon_Provided_2.0/embedded_system/synthesis/submodules/altera_merlin_arbitrator.sv
Info: rsp_demux: "mm_interconnect_0" instantiated altera_merlin_demultiplexer "rsp_demux"
Info: rsp_demux_002: "mm_interconnect_0" instantiated altera_merlin_demultiplexer "rsp_demux_002"
Info: rsp_mux: "mm_interconnect_0" instantiated altera_merlin_multiplexer "rsp_mux"
Info: Reusing file U:/ece385/Lab9_Avalon_Provided_2.0/embedded_system/synthesis/submodules/altera_merlin_arbitrator.sv
Info: rsp_mux_001: "mm_interconnect_0" instantiated altera_merlin_multiplexer "rsp_mux_001"
Info: Reusing file U:/ece385/Lab9_Avalon_Provided_2.0/embedded_system/synthesis/submodules/altera_merlin_arbitrator.sv
Info: crosser: "mm_interconnect_0" instantiated altera_avalon_st_handshake_clock_crosser "crosser"
Info: avalon_st_adapter: "mm_interconnect_0" instantiated altera_avalon_st_adapter "avalon_st_adapter"
Info: error_adapter_0: "avalon_st_adapter" instantiated error_adapter "error_adapter_0"
Info: embedded_system: Done "embedded_system" with 33 modules, 48 files
Info: ip-generate succeeded.
Info: Finished: Create HDL design files for synthesis
