Flow report for lab9
Wed Apr 11 22:49:51 2018
Quartus II 64-Bit Version 15.0.2 Build 153 07/15/2015 SJ Full Version


---------------------
; Table of Contents ;
---------------------
  1. Legal Notice
  2. Flow Summary
  3. Flow Settings
  4. Flow Non-Default Global Settings
  5. Flow Elapsed Time
  6. Flow OS Summary
  7. Flow Log
  8. Flow Messages
  9. Flow Suppressed Messages



----------------
; Legal Notice ;
----------------
Copyright (C) 1991-2015 Altera Corporation. All rights reserved.
Your use of Altera Corporation's design tools, logic functions 
and other software and tools, and its AMPP partner logic 
functions, and any output files from any of the foregoing 
(including device programming or simulation files), and any 
associated documentation or information are expressly subject 
to the terms and conditions of the Altera Program License 
Subscription Agreement, the Altera Quartus II License Agreement,
the Altera MegaCore Function License Agreement, or other 
applicable license agreement, including, without limitation, 
that your use is for the sole purpose of programming logic 
devices manufactured by Altera and sold by Altera or its 
authorized distributors.  Please refer to the applicable 
agreement for further details.



+----------------------------------------------------------------------------------+
; Flow Summary                                                                     ;
+------------------------------------+---------------------------------------------+
; Flow Status                        ; Successful - Wed Apr 11 22:49:51 2018       ;
; Quartus II 64-Bit Version          ; 15.0.2 Build 153 07/15/2015 SJ Full Version ;
; Revision Name                      ; lab9                                        ;
; Top-level Entity Name              ; lab9_top                                    ;
; Family                             ; Cyclone IV E                                ;
; Device                             ; EP4CE115F29C7                               ;
; Timing Models                      ; Final                                       ;
; Total logic elements               ; 7,066 / 114,480 ( 6 % )                     ;
;     Total combinational functions  ; 6,298 / 114,480 ( 6 % )                     ;
;     Dedicated logic registers      ; 2,814 / 114,480 ( 2 % )                     ;
; Total registers                    ; 2933                                        ;
; Total pins                         ; 142 / 529 ( 27 % )                          ;
; Total virtual pins                 ; 0                                           ;
; Total memory bits                  ; 126,080 / 3,981,312 ( 3 % )                 ;
; Embedded Multiplier 9-bit elements ; 0 / 532 ( 0 % )                             ;
; Total PLLs                         ; 1 / 4 ( 25 % )                              ;
+------------------------------------+---------------------------------------------+


+-----------------------------------------+
; Flow Settings                           ;
+-------------------+---------------------+
; Option            ; Setting             ;
+-------------------+---------------------+
; Start date & time ; 04/11/2018 22:46:35 ;
; Main task         ; Compilation         ;
; Revision Name     ; lab9                ;
+-------------------+---------------------+


+-------------------------------------------------------------------------------------------------------------------------------------------------------------+
; Flow Non-Default Global Settings                                                                                                                            ;
+--------------------------------------+-------------------------------------------------------------------+---------------+-----------------+----------------+
; Assignment Name                      ; Value                                                             ; Default Value ; Entity Name     ; Section Id     ;
+--------------------------------------+-------------------------------------------------------------------+---------------+-----------------+----------------+
; COMPILER_SIGNATURE_ID                ; 71094331157831.152350479405692                                    ; --            ; --              ; --             ;
; EDA_DESIGN_INSTANCE_NAME             ; NA                                                                ; --            ; --              ; testbench      ;
; EDA_NATIVELINK_SIMULATION_TEST_BENCH ; testbench                                                         ; --            ; --              ; eda_simulation ;
; EDA_OUTPUT_DATA_FORMAT               ; Systemverilog Hdl                                                 ; --            ; --              ; eda_simulation ;
; EDA_SIMULATION_TOOL                  ; ModelSim-Altera (SystemVerilog)                                   ; <None>        ; --              ; --             ;
; EDA_TEST_BENCH_ENABLE_STATUS         ; TEST_BENCH_MODE                                                   ; --            ; --              ; eda_simulation ;
; EDA_TEST_BENCH_FILE                  ; testbench.sv                                                      ; --            ; --              ; testbench      ;
; EDA_TEST_BENCH_MODULE_NAME           ; testbench                                                         ; --            ; --              ; testbench      ;
; EDA_TEST_BENCH_NAME                  ; testbench                                                         ; --            ; --              ; eda_simulation ;
; EDA_TEST_BENCH_RUN_SIM_FOR           ; 6000 ns                                                           ; --            ; --              ; testbench      ;
; EDA_TIME_SCALE                       ; 1 ps                                                              ; --            ; --              ; eda_simulation ;
; FLOW_ENABLE_POWER_ANALYZER           ; On                                                                ; Off           ; --              ; --             ;
; MAX_CORE_JUNCTION_TEMP               ; 85                                                                ; --            ; --              ; --             ;
; MIN_CORE_JUNCTION_TEMP               ; 0                                                                 ; --            ; --              ; --             ;
; MISC_FILE                            ; embedded_system/synthesis/../embedded_system.cmp                  ; --            ; --              ; --             ;
; MISC_FILE                            ; embedded_system/synthesis/../../embedded_system.qsys              ; --            ; --              ; --             ;
; NOMINAL_CORE_SUPPLY_VOLTAGE          ; 1.2V                                                              ; --            ; --              ; --             ;
; PARTITION_COLOR                      ; 16764057                                                          ; --            ; DE2_115_Default ; Top            ;
; PARTITION_COLOR                      ; 16764057                                                          ; --            ; lab8            ; Top            ;
; PARTITION_COLOR                      ; 16764057                                                          ; --            ; lab9_top        ; Top            ;
; PARTITION_FITTER_PRESERVATION_LEVEL  ; PLACEMENT_AND_ROUTING                                             ; --            ; DE2_115_Default ; Top            ;
; PARTITION_FITTER_PRESERVATION_LEVEL  ; PLACEMENT_AND_ROUTING                                             ; --            ; lab8            ; Top            ;
; PARTITION_FITTER_PRESERVATION_LEVEL  ; PLACEMENT_AND_ROUTING                                             ; --            ; lab9_top        ; Top            ;
; PARTITION_NETLIST_TYPE               ; SOURCE                                                            ; --            ; DE2_115_Default ; Top            ;
; PARTITION_NETLIST_TYPE               ; SOURCE                                                            ; --            ; lab8            ; Top            ;
; PARTITION_NETLIST_TYPE               ; SOURCE                                                            ; --            ; lab9_top        ; Top            ;
; POWER_BOARD_THERMAL_MODEL            ; None (CONSERVATIVE)                                               ; --            ; --              ; --             ;
; POWER_DEFAULT_INPUT_IO_TOGGLE_RATE   ; 12.5 %                                                            ; 12.5%         ; --              ; --             ;
; POWER_PRESET_COOLING_SOLUTION        ; 23 MM HEAT SINK WITH 200 LFPM AIRFLOW                             ; --            ; --              ; --             ;
; PROJECT_OUTPUT_DIRECTORY             ; output_files                                                      ; --            ; --              ; --             ;
; SLD_FILE                             ; embedded_system/synthesis/embedded_system.regmap                  ; --            ; --              ; --             ;
; SLD_FILE                             ; embedded_system/synthesis/embedded_system.debuginfo               ; --            ; --              ; --             ;
; SLD_INFO                             ; QSYS_NAME embedded_system HAS_SOPCINFO 1 GENERATION_ID 1522705043 ; --            ; embedded_system ; --             ;
; SOPCINFO_FILE                        ; embedded_system/synthesis/../../embedded_system.sopcinfo          ; --            ; --              ; --             ;
; SYNTHESIS_ONLY_QIP                   ; On                                                                ; --            ; --              ; --             ;
; TOP_LEVEL_ENTITY                     ; lab9_top                                                          ; lab9          ; --              ; --             ;
+--------------------------------------+-------------------------------------------------------------------+---------------+-----------------+----------------+


+-------------------------------------------------------------------------------------------------------------------------------+
; Flow Elapsed Time                                                                                                             ;
+---------------------------+--------------+-------------------------+---------------------+------------------------------------+
; Module Name               ; Elapsed Time ; Average Processors Used ; Peak Virtual Memory ; Total CPU Time (on all processors) ;
+---------------------------+--------------+-------------------------+---------------------+------------------------------------+
; Analysis & Synthesis      ; 00:01:06     ; 1.0                     ; 877 MB              ; 00:01:14                           ;
; Fitter                    ; 00:00:55     ; 1.9                     ; 1824 MB             ; 00:01:22                           ;
; Assembler                 ; 00:00:06     ; 1.0                     ; 646 MB              ; 00:00:04                           ;
; PowerPlay Power Analyzer  ; 00:00:13     ; 1.0                     ; 829 MB              ; 00:00:13                           ;
; TimeQuest Timing Analyzer ; 00:00:10     ; 1.0                     ; 889 MB              ; 00:00:07                           ;
; EDA Netlist Writer        ; 00:00:16     ; 1.0                     ; 681 MB              ; 00:00:08                           ;
; Total                     ; 00:02:46     ; --                      ; --                  ; 00:03:08                           ;
+---------------------------+--------------+-------------------------+---------------------+------------------------------------+


+----------------------------------------------------------------------------------------+
; Flow OS Summary                                                                        ;
+---------------------------+------------------+-----------+------------+----------------+
; Module Name               ; Machine Hostname ; OS Name   ; OS Version ; Processor type ;
+---------------------------+------------------+-----------+------------+----------------+
; Analysis & Synthesis      ; ECEB-3022-08     ; Windows 7 ; 6.1        ; x86_64         ;
; Fitter                    ; ECEB-3022-08     ; Windows 7 ; 6.1        ; x86_64         ;
; Assembler                 ; ECEB-3022-08     ; Windows 7 ; 6.1        ; x86_64         ;
; PowerPlay Power Analyzer  ; ECEB-3022-08     ; Windows 7 ; 6.1        ; x86_64         ;
; TimeQuest Timing Analyzer ; ECEB-3022-08     ; Windows 7 ; 6.1        ; x86_64         ;
; EDA Netlist Writer        ; ECEB-3022-08     ; Windows 7 ; 6.1        ; x86_64         ;
+---------------------------+------------------+-----------+------------+----------------+


------------
; Flow Log ;
------------
quartus_map --read_settings_files=on --write_settings_files=off lab9 -c lab9
quartus_fit --read_settings_files=off --write_settings_files=off lab9 -c lab9
quartus_asm --read_settings_files=off --write_settings_files=off lab9 -c lab9
quartus_pow --read_settings_files=off --write_settings_files=off lab9 -c lab9
quartus_sta lab9 -c lab9
quartus_eda --read_settings_files=off --write_settings_files=off lab9 -c lab9



