Analysis & Synthesis report for lab6
Sat Apr 21 23:45:52 2018
Quartus Prime Version 16.1.2 Build 203 01/18/2017 SJ Standard Edition


---------------------
; Table of Contents ;
---------------------
  1. Legal Notice
  2. Analysis & Synthesis Summary
  3. Analysis & Synthesis Settings
  4. Parallel Compilation
  5. Analysis & Synthesis Source Files Read
  6. Analysis & Synthesis Resource Usage Summary
  7. Analysis & Synthesis Resource Utilization by Entity
  8. State Machine - |slc3|ISDU:state_controller|State
  9. Registers Removed During Synthesis
 10. General Register Statistics
 11. Multiplexer Restructuring Statistics (Restructuring Performed)
 12. Parameter Settings for User Entity Instance: datapath:d0|reg_unit:MAR_REGISTER
 13. Parameter Settings for User Entity Instance: datapath:d0|reg_unit:MDR_REGISTER
 14. Parameter Settings for User Entity Instance: datapath:d0|reg_unit:PC_REGISTER
 15. Parameter Settings for User Entity Instance: datapath:d0|reg_unit:IR_REGISTER
 16. Parameter Settings for User Entity Instance: datapath:d0|reg_unit:BEN_REGISTER
 17. Parameter Settings for User Entity Instance: datapath:d0|Mux_2:MDR_M
 18. Parameter Settings for User Entity Instance: datapath:d0|Mux_3:PC_M
 19. Parameter Settings for User Entity Instance: datapath:d0|bus:Bus_MUX
 20. Parameter Settings for User Entity Instance: datapath:d0|Mux_2:ADDR1_MUX
 21. Parameter Settings for User Entity Instance: datapath:d0|Mux_2:SR2_MUX
 22. Parameter Settings for User Entity Instance: datapath:d0|Mux_2:SR1_MUX
 23. Parameter Settings for User Entity Instance: datapath:d0|Mux_2:DR_MUX
 24. Parameter Settings for User Entity Instance: tristate:tr0
 25. Port Connectivity Checks: "ISDU:state_controller"
 26. Port Connectivity Checks: "Mem2IO:memory_subsystem"
 27. Port Connectivity Checks: "datapath:d0|Mux_2:DR_MUX"
 28. Port Connectivity Checks: "datapath:d0|ALU_LOGIC:ADDR_MUX_ADDER"
 29. Port Connectivity Checks: "datapath:d0|Mux_4:ADDR2_MUX"
 30. Port Connectivity Checks: "datapath:d0"
 31. Post-Synthesis Netlist Statistics for Top Partition
 32. Elapsed Time Per Partition
 33. Analysis & Synthesis Messages



----------------
; Legal Notice ;
----------------
Copyright (C) 2017  Intel Corporation. All rights reserved.
Your use of Intel Corporation's design tools, logic functions 
and other software and tools, and its AMPP partner logic 
functions, and any output files from any of the foregoing 
(including device programming or simulation files), and any 
associated documentation or information are expressly subject 
to the terms and conditions of the Intel Program License 
Subscription Agreement, the Intel Quartus Prime License Agreement,
the Intel MegaCore Function License Agreement, or other 
applicable license agreement, including, without limitation, 
that your use is for the sole purpose of programming logic 
devices manufactured by Intel and sold by Intel or its 
authorized distributors.  Please refer to the applicable 
agreement for further details.



+--------------------------------------------------------------------------------------+
; Analysis & Synthesis Summary                                                         ;
+------------------------------------+-------------------------------------------------+
; Analysis & Synthesis Status        ; Successful - Sat Apr 21 23:45:51 2018           ;
; Quartus Prime Version              ; 16.1.2 Build 203 01/18/2017 SJ Standard Edition ;
; Revision Name                      ; lab6                                            ;
; Top-level Entity Name              ; slc3                                            ;
; Family                             ; Cyclone IV E                                    ;
; Total logic elements               ; 719                                             ;
;     Total combinational functions  ; 671                                             ;
;     Dedicated logic registers      ; 271                                             ;
; Total registers                    ; 271                                             ;
; Total pins                         ; 129                                             ;
; Total virtual pins                 ; 0                                               ;
; Total memory bits                  ; 0                                               ;
; Embedded Multiplier 9-bit elements ; 0                                               ;
; Total PLLs                         ; 0                                               ;
+------------------------------------+-------------------------------------------------+


+----------------------------------------------------------------------------------------------------------------------+
; Analysis & Synthesis Settings                                                                                        ;
+----------------------------------------------------------------------------+--------------------+--------------------+
; Option                                                                     ; Setting            ; Default Value      ;
+----------------------------------------------------------------------------+--------------------+--------------------+
; Device                                                                     ; EP4CE115F29C7      ;                    ;
; Top-level entity name                                                      ; slc3               ; lab6               ;
; Family name                                                                ; Cyclone IV E       ; Cyclone V          ;
; Use smart compilation                                                      ; Off                ; Off                ;
; Enable parallel Assembler and TimeQuest Timing Analyzer during compilation ; On                 ; On                 ;
; Enable compact report table                                                ; Off                ; Off                ;
; Restructure Multiplexers                                                   ; Auto               ; Auto               ;
; Create Debugging Nodes for IP Cores                                        ; Off                ; Off                ;
; Preserve fewer node names                                                  ; On                 ; On                 ;
; OpenCore Plus hardware evaluation                                          ; Enable             ; Enable             ;
; Verilog Version                                                            ; Verilog_2001       ; Verilog_2001       ;
; VHDL Version                                                               ; VHDL_1993          ; VHDL_1993          ;
; State Machine Processing                                                   ; Auto               ; Auto               ;
; Safe State Machine                                                         ; Off                ; Off                ;
; Extract Verilog State Machines                                             ; On                 ; On                 ;
; Extract VHDL State Machines                                                ; On                 ; On                 ;
; Ignore Verilog initial constructs                                          ; Off                ; Off                ;
; Iteration limit for constant Verilog loops                                 ; 5000               ; 5000               ;
; Iteration limit for non-constant Verilog loops                             ; 250                ; 250                ;
; Add Pass-Through Logic to Inferred RAMs                                    ; On                 ; On                 ;
; Infer RAMs from Raw Logic                                                  ; On                 ; On                 ;
; Parallel Synthesis                                                         ; On                 ; On                 ;
; DSP Block Balancing                                                        ; Auto               ; Auto               ;
; NOT Gate Push-Back                                                         ; On                 ; On                 ;
; Power-Up Don't Care                                                        ; On                 ; On                 ;
; Remove Redundant Logic Cells                                               ; Off                ; Off                ;
; Remove Duplicate Registers                                                 ; On                 ; On                 ;
; Ignore CARRY Buffers                                                       ; Off                ; Off                ;
; Ignore CASCADE Buffers                                                     ; Off                ; Off                ;
; Ignore GLOBAL Buffers                                                      ; Off                ; Off                ;
; Ignore ROW GLOBAL Buffers                                                  ; Off                ; Off                ;
; Ignore LCELL Buffers                                                       ; Off                ; Off                ;
; Ignore SOFT Buffers                                                        ; On                 ; On                 ;
; Limit AHDL Integers to 32 Bits                                             ; Off                ; Off                ;
; Optimization Technique                                                     ; Balanced           ; Balanced           ;
; Carry Chain Length                                                         ; 70                 ; 70                 ;
; Auto Carry Chains                                                          ; On                 ; On                 ;
; Auto Open-Drain Pins                                                       ; On                 ; On                 ;
; Perform WYSIWYG Primitive Resynthesis                                      ; Off                ; Off                ;
; Auto ROM Replacement                                                       ; On                 ; On                 ;
; Auto RAM Replacement                                                       ; On                 ; On                 ;
; Auto DSP Block Replacement                                                 ; On                 ; On                 ;
; Auto Shift Register Replacement                                            ; Auto               ; Auto               ;
; Allow Shift Register Merging across Hierarchies                            ; Auto               ; Auto               ;
; Auto Clock Enable Replacement                                              ; On                 ; On                 ;
; Strict RAM Replacement                                                     ; Off                ; Off                ;
; Allow Synchronous Control Signals                                          ; On                 ; On                 ;
; Force Use of Synchronous Clear Signals                                     ; Off                ; Off                ;
; Auto RAM Block Balancing                                                   ; On                 ; On                 ;
; Auto RAM to Logic Cell Conversion                                          ; Off                ; Off                ;
; Auto Resource Sharing                                                      ; Off                ; Off                ;
; Allow Any RAM Size For Recognition                                         ; Off                ; Off                ;
; Allow Any ROM Size For Recognition                                         ; Off                ; Off                ;
; Allow Any Shift Register Size For Recognition                              ; Off                ; Off                ;
; Use LogicLock Constraints during Resource Balancing                        ; On                 ; On                 ;
; Ignore translate_off and synthesis_off directives                          ; Off                ; Off                ;
; Timing-Driven Synthesis                                                    ; On                 ; On                 ;
; Report Parameter Settings                                                  ; On                 ; On                 ;
; Report Source Assignments                                                  ; On                 ; On                 ;
; Report Connectivity Checks                                                 ; On                 ; On                 ;
; Ignore Maximum Fan-Out Assignments                                         ; Off                ; Off                ;
; Synchronization Register Chain Length                                      ; 2                  ; 2                  ;
; PowerPlay Power Optimization During Synthesis                              ; Normal compilation ; Normal compilation ;
; HDL message level                                                          ; Level2             ; Level2             ;
; Suppress Register Optimization Related Messages                            ; Off                ; Off                ;
; Number of Removed Registers Reported in Synthesis Report                   ; 5000               ; 5000               ;
; Number of Swept Nodes Reported in Synthesis Report                         ; 5000               ; 5000               ;
; Number of Inverted Registers Reported in Synthesis Report                  ; 100                ; 100                ;
; Clock MUX Protection                                                       ; On                 ; On                 ;
; Auto Gated Clock Conversion                                                ; Off                ; Off                ;
; Block Design Naming                                                        ; Auto               ; Auto               ;
; SDC constraint protection                                                  ; Off                ; Off                ;
; Synthesis Effort                                                           ; Auto               ; Auto               ;
; Shift Register Replacement - Allow Asynchronous Clear Signal               ; On                 ; On                 ;
; Pre-Mapping Resynthesis Optimization                                       ; Off                ; Off                ;
; Analysis & Synthesis Message Level                                         ; Medium             ; Medium             ;
; Disable Register Merging Across Hierarchies                                ; Auto               ; Auto               ;
; Resource Aware Inference For Block RAM                                     ; On                 ; On                 ;
+----------------------------------------------------------------------------+--------------------+--------------------+


+------------------------------------------+
; Parallel Compilation                     ;
+----------------------------+-------------+
; Processors                 ; Number      ;
+----------------------------+-------------+
; Number detected on machine ; 4           ;
; Maximum allowed            ; 4           ;
;                            ;             ;
; Average used               ; 1.00        ;
; Maximum used               ; 4           ;
;                            ;             ;
; Usage by Processor         ; % Time Used ;
;     Processor 1            ; 100.0%      ;
;     Processor 2            ;   0.0%      ;
;     Processor 3            ;   0.0%      ;
;     Processor 4            ;   0.0%      ;
+----------------------------+-------------+


+------------------------------------------------------------------------------------------------------------------------------------+
; Analysis & Synthesis Source Files Read                                                                                             ;
+----------------------------------+-----------------+------------------------------+--------------------------------------+---------+
; File Name with User-Entered Path ; Used in Netlist ; File Type                    ; File Name with Absolute Path         ; Library ;
+----------------------------------+-----------------+------------------------------+--------------------------------------+---------+
; tristate.sv                      ; yes             ; User SystemVerilog HDL File  ; U:/ece385/lab6_demo/tristate.sv      ;         ;
; slc3.sv                          ; yes             ; User SystemVerilog HDL File  ; U:/ece385/lab6_demo/slc3.sv          ;         ;
; Mem2IO.sv                        ; yes             ; User SystemVerilog HDL File  ; U:/ece385/lab6_demo/Mem2IO.sv        ;         ;
; ISDU.sv                          ; yes             ; User SystemVerilog HDL File  ; U:/ece385/lab6_demo/ISDU.sv          ;         ;
; datapath.sv                      ; yes             ; User SystemVerilog HDL File  ; U:/ece385/lab6_demo/datapath.sv      ;         ;
; regis_file.sv                    ; yes             ; User SystemVerilog HDL File  ; U:/ece385/lab6_demo/regis_file.sv    ;         ;
; bus.sv                           ; yes             ; User SystemVerilog HDL File  ; U:/ece385/lab6_demo/bus.sv           ;         ;
; mux_module.sv                    ; yes             ; User SystemVerilog HDL File  ; U:/ece385/lab6_demo/mux_module.sv    ;         ;
; mux_4.sv                         ; yes             ; User SystemVerilog HDL File  ; U:/ece385/lab6_demo/mux_4.sv         ;         ;
; mux_3.sv                         ; yes             ; User SystemVerilog HDL File  ; U:/ece385/lab6_demo/mux_3.sv         ;         ;
; hexdriver.sv                     ; yes             ; User SystemVerilog HDL File  ; U:/ece385/lab6_demo/hexdriver.sv     ;         ;
; Real_reg_file.sv                 ; yes             ; User SystemVerilog HDL File  ; U:/ece385/lab6_demo/Real_reg_file.sv ;         ;
; SEXT_6.sv                        ; yes             ; User SystemVerilog HDL File  ; U:/ece385/lab6_demo/SEXT_6.sv        ;         ;
; SEXT_9.sv                        ; yes             ; User SystemVerilog HDL File  ; U:/ece385/lab6_demo/SEXT_9.sv        ;         ;
; SEXT.sv                          ; yes             ; User SystemVerilog HDL File  ; U:/ece385/lab6_demo/SEXT.sv          ;         ;
; SEXT_5.sv                        ; yes             ; User SystemVerilog HDL File  ; U:/ece385/lab6_demo/SEXT_5.sv        ;         ;
; CC.sv                            ; yes             ; User SystemVerilog HDL File  ; U:/ece385/lab6_demo/CC.sv            ;         ;
; ALU_LOGIC.sv                     ; yes             ; User SystemVerilog HDL File  ; U:/ece385/lab6_demo/ALU_LOGIC.sv     ;         ;
+----------------------------------+-----------------+------------------------------+--------------------------------------+---------+


+---------------------------------------------------------+
; Analysis & Synthesis Resource Usage Summary             ;
+---------------------------------------------+-----------+
; Resource                                    ; Usage     ;
+---------------------------------------------+-----------+
; Estimated Total logic elements              ; 719       ;
;                                             ;           ;
; Total combinational functions               ; 671       ;
; Logic element usage by number of LUT inputs ;           ;
;     -- 4 input functions                    ; 374       ;
;     -- 3 input functions                    ; 89        ;
;     -- <=2 input functions                  ; 208       ;
;                                             ;           ;
; Logic elements by mode                      ;           ;
;     -- normal mode                          ; 626       ;
;     -- arithmetic mode                      ; 45        ;
;                                             ;           ;
; Total registers                             ; 271       ;
;     -- Dedicated logic registers            ; 271       ;
;     -- I/O registers                        ; 0         ;
;                                             ;           ;
; I/O pins                                    ; 129       ;
;                                             ;           ;
; Embedded Multiplier 9-bit elements          ; 0         ;
;                                             ;           ;
; Maximum fan-out node                        ; Clk~input ;
; Maximum fan-out                             ; 271       ;
; Total fan-out                               ; 3244      ;
; Average fan-out                             ; 2.67      ;
+---------------------------------------------+-----------+


+---------------------------------------------------------------------------------------------------------------------------------------------------------------------------------------------------------------------------------------+
; Analysis & Synthesis Resource Utilization by Entity                                                                                                                                                                                   ;
+----------------------------------+---------------------+---------------------------+-------------+--------------+---------+-----------+------+--------------+--------------------------------------------+-------------+--------------+
; Compilation Hierarchy Node       ; Combinational ALUTs ; Dedicated Logic Registers ; Memory Bits ; DSP Elements ; DSP 9x9 ; DSP 18x18 ; Pins ; Virtual Pins ; Full Hierarchy Name                        ; Entity Name ; Library Name ;
+----------------------------------+---------------------+---------------------------+-------------+--------------+---------+-----------+------+--------------+--------------------------------------------+-------------+--------------+
; |slc3                            ; 671 (0)             ; 271 (0)                   ; 0           ; 0            ; 0       ; 0         ; 129  ; 0            ; |slc3                                      ; slc3        ; work         ;
;    |HexDriver:hex_driver0|       ; 7 (7)               ; 0 (0)                     ; 0           ; 0            ; 0       ; 0         ; 0    ; 0            ; |slc3|HexDriver:hex_driver0                ; HexDriver   ; work         ;
;    |HexDriver:hex_driver1|       ; 7 (7)               ; 0 (0)                     ; 0           ; 0            ; 0       ; 0         ; 0    ; 0            ; |slc3|HexDriver:hex_driver1                ; HexDriver   ; work         ;
;    |HexDriver:hex_driver2|       ; 7 (7)               ; 0 (0)                     ; 0           ; 0            ; 0       ; 0         ; 0    ; 0            ; |slc3|HexDriver:hex_driver2                ; HexDriver   ; work         ;
;    |HexDriver:hex_driver3|       ; 7 (7)               ; 0 (0)                     ; 0           ; 0            ; 0       ; 0         ; 0    ; 0            ; |slc3|HexDriver:hex_driver3                ; HexDriver   ; work         ;
;    |HexDriver:hex_driver4|       ; 7 (7)               ; 0 (0)                     ; 0           ; 0            ; 0       ; 0         ; 0    ; 0            ; |slc3|HexDriver:hex_driver4                ; HexDriver   ; work         ;
;    |HexDriver:hex_driver5|       ; 7 (7)               ; 0 (0)                     ; 0           ; 0            ; 0       ; 0         ; 0    ; 0            ; |slc3|HexDriver:hex_driver5                ; HexDriver   ; work         ;
;    |HexDriver:hex_driver6|       ; 7 (7)               ; 0 (0)                     ; 0           ; 0            ; 0       ; 0         ; 0    ; 0            ; |slc3|HexDriver:hex_driver6                ; HexDriver   ; work         ;
;    |HexDriver:hex_driver7|       ; 7 (7)               ; 0 (0)                     ; 0           ; 0            ; 0       ; 0         ; 0    ; 0            ; |slc3|HexDriver:hex_driver7                ; HexDriver   ; work         ;
;    |ISDU:state_controller|       ; 51 (51)             ; 27 (27)                   ; 0           ; 0            ; 0       ; 0         ; 0    ; 0            ; |slc3|ISDU:state_controller                ; ISDU        ; work         ;
;    |Mem2IO:memory_subsystem|     ; 22 (22)             ; 16 (16)                   ; 0           ; 0            ; 0       ; 0         ; 0    ; 0            ; |slc3|Mem2IO:memory_subsystem              ; Mem2IO      ; work         ;
;    |datapath:d0|                 ; 542 (0)             ; 196 (0)                   ; 0           ; 0            ; 0       ; 0         ; 0    ; 0            ; |slc3|datapath:d0                          ; datapath    ; work         ;
;       |ALU_LOGIC:ADDR_MUX_ADDER| ; 16 (16)             ; 0 (0)                     ; 0           ; 0            ; 0       ; 0         ; 0    ; 0            ; |slc3|datapath:d0|ALU_LOGIC:ADDR_MUX_ADDER ; ALU_LOGIC   ; work         ;
;       |ALU_LOGIC:ALU_UNIT|       ; 16 (16)             ; 0 (0)                     ; 0           ; 0            ; 0       ; 0         ; 0    ; 0            ; |slc3|datapath:d0|ALU_LOGIC:ALU_UNIT       ; ALU_LOGIC   ; work         ;
;       |CC:set_cc|                ; 11 (11)             ; 3 (3)                     ; 0           ; 0            ; 0       ; 0         ; 0    ; 0            ; |slc3|datapath:d0|CC:set_cc                ; CC          ; work         ;
;       |Mux_2:ADDR1_MUX|          ; 16 (16)             ; 0 (0)                     ; 0           ; 0            ; 0       ; 0         ; 0    ; 0            ; |slc3|datapath:d0|Mux_2:ADDR1_MUX          ; Mux_2       ; work         ;
;       |Mux_2:SR1_MUX|            ; 3 (3)               ; 0 (0)                     ; 0           ; 0            ; 0       ; 0         ; 0    ; 0            ; |slc3|datapath:d0|Mux_2:SR1_MUX            ; Mux_2       ; work         ;
;       |Mux_2:SR2_MUX|            ; 93 (93)             ; 0 (0)                     ; 0           ; 0            ; 0       ; 0         ; 0    ; 0            ; |slc3|datapath:d0|Mux_2:SR2_MUX            ; Mux_2       ; work         ;
;       |Mux_4:ADDR2_MUX|          ; 13 (13)             ; 0 (0)                     ; 0           ; 0            ; 0       ; 0         ; 0    ; 0            ; |slc3|datapath:d0|Mux_4:ADDR2_MUX          ; Mux_4       ; work         ;
;       |bus:Bus_MUX|              ; 72 (72)             ; 0 (0)                     ; 0           ; 0            ; 0       ; 0         ; 0    ; 0            ; |slc3|datapath:d0|bus:Bus_MUX              ; bus         ; work         ;
;       |reg_file:register_file|   ; 227 (227)           ; 128 (128)                 ; 0           ; 0            ; 0       ; 0         ; 0    ; 0            ; |slc3|datapath:d0|reg_file:register_file   ; reg_file    ; work         ;
;       |reg_unit:BEN_REGISTER|    ; 3 (3)               ; 1 (1)                     ; 0           ; 0            ; 0       ; 0         ; 0    ; 0            ; |slc3|datapath:d0|reg_unit:BEN_REGISTER    ; reg_unit    ; work         ;
;       |reg_unit:IR_REGISTER|     ; 13 (13)             ; 16 (16)                   ; 0           ; 0            ; 0       ; 0         ; 0    ; 0            ; |slc3|datapath:d0|reg_unit:IR_REGISTER     ; reg_unit    ; work         ;
;       |reg_unit:MAR_REGISTER|    ; 6 (6)               ; 16 (16)                   ; 0           ; 0            ; 0       ; 0         ; 0    ; 0            ; |slc3|datapath:d0|reg_unit:MAR_REGISTER    ; reg_unit    ; work         ;
;       |reg_unit:MDR_REGISTER|    ; 35 (35)             ; 16 (16)                   ; 0           ; 0            ; 0       ; 0         ; 0    ; 0            ; |slc3|datapath:d0|reg_unit:MDR_REGISTER    ; reg_unit    ; work         ;
;       |reg_unit:PC_REGISTER|     ; 18 (18)             ; 16 (16)                   ; 0           ; 0            ; 0       ; 0         ; 0    ; 0            ; |slc3|datapath:d0|reg_unit:PC_REGISTER     ; reg_unit    ; work         ;
;    |tristate:tr0|                ; 0 (0)               ; 32 (32)                   ; 0           ; 0            ; 0       ; 0         ; 0    ; 0            ; |slc3|tristate:tr0                         ; tristate    ; work         ;
+----------------------------------+---------------------+---------------------------+-------------+--------------+---------+-----------+------+--------------+--------------------------------------------+-------------+--------------+
Note: For table entries with two numbers listed, the numbers in parentheses indicate the number of resources of the given type used by the specific entity alone. The numbers listed outside of parentheses indicate the total resources of the given type used by the specific entity and all of its sub-entities in the hierarchy.


Encoding Type:  One-Hot
+------------------------------------------------------------------------------------------------------------------------------------------------------------------------------------------------------------------------------------------------------------------------------------------------------------------------------------------------------------------------------------------------------------------------------------------------+
; State Machine - |slc3|ISDU:state_controller|State                                                                                                                                                                                                                                                                                                                                                                                              ;
+------------------+------------+-----------+------------+------------+------------+------------+--------------+--------------+--------------+------------+------------+------------+--------------+--------------+--------------+------------+------------------+------------------+------------+------------+------------+------------+------------+--------------+--------------+------------+----------------+----------------+--------------+
; Name             ; State.S_22 ; State.S_0 ; State.S_12 ; State.S_20 ; State.S_21 ; State.S_04 ; State.S_16_2 ; State.S_16_1 ; State.S_16_0 ; State.S_23 ; State.S_07 ; State.S_27 ; State.S_25_2 ; State.S_25_1 ; State.S_25_0 ; State.S_06 ; State.S_PauseIR2 ; State.S_PauseIR1 ; State.S_09 ; State.S_05 ; State.S_01 ; State.S_32 ; State.S_35 ; State.S_33_2 ; State.S_33_1 ; State.S_18 ; State.PauseIR2 ; State.PauseIR1 ; State.Halted ;
+------------------+------------+-----------+------------+------------+------------+------------+--------------+--------------+--------------+------------+------------+------------+--------------+--------------+--------------+------------+------------------+------------------+------------+------------+------------+------------+------------+--------------+--------------+------------+----------------+----------------+--------------+
; State.Halted     ; 0          ; 0         ; 0          ; 0          ; 0          ; 0          ; 0            ; 0            ; 0            ; 0          ; 0          ; 0          ; 0            ; 0            ; 0            ; 0          ; 0                ; 0                ; 0          ; 0          ; 0          ; 0          ; 0          ; 0            ; 0            ; 0          ; 0              ; 0              ; 0            ;
; State.PauseIR1   ; 0          ; 0         ; 0          ; 0          ; 0          ; 0          ; 0            ; 0            ; 0            ; 0          ; 0          ; 0          ; 0            ; 0            ; 0            ; 0          ; 0                ; 0                ; 0          ; 0          ; 0          ; 0          ; 0          ; 0            ; 0            ; 0          ; 0              ; 1              ; 1            ;
; State.PauseIR2   ; 0          ; 0         ; 0          ; 0          ; 0          ; 0          ; 0            ; 0            ; 0            ; 0          ; 0          ; 0          ; 0            ; 0            ; 0            ; 0          ; 0                ; 0                ; 0          ; 0          ; 0          ; 0          ; 0          ; 0            ; 0            ; 0          ; 1              ; 0              ; 1            ;
; State.S_18       ; 0          ; 0         ; 0          ; 0          ; 0          ; 0          ; 0            ; 0            ; 0            ; 0          ; 0          ; 0          ; 0            ; 0            ; 0            ; 0          ; 0                ; 0                ; 0          ; 0          ; 0          ; 0          ; 0          ; 0            ; 0            ; 1          ; 0              ; 0              ; 1            ;
; State.S_33_1     ; 0          ; 0         ; 0          ; 0          ; 0          ; 0          ; 0            ; 0            ; 0            ; 0          ; 0          ; 0          ; 0            ; 0            ; 0            ; 0          ; 0                ; 0                ; 0          ; 0          ; 0          ; 0          ; 0          ; 0            ; 1            ; 0          ; 0              ; 0              ; 1            ;
; State.S_33_2     ; 0          ; 0         ; 0          ; 0          ; 0          ; 0          ; 0            ; 0            ; 0            ; 0          ; 0          ; 0          ; 0            ; 0            ; 0            ; 0          ; 0                ; 0                ; 0          ; 0          ; 0          ; 0          ; 0          ; 1            ; 0            ; 0          ; 0              ; 0              ; 1            ;
; State.S_35       ; 0          ; 0         ; 0          ; 0          ; 0          ; 0          ; 0            ; 0            ; 0            ; 0          ; 0          ; 0          ; 0            ; 0            ; 0            ; 0          ; 0                ; 0                ; 0          ; 0          ; 0          ; 0          ; 1          ; 0            ; 0            ; 0          ; 0              ; 0              ; 1            ;
; State.S_32       ; 0          ; 0         ; 0          ; 0          ; 0          ; 0          ; 0            ; 0            ; 0            ; 0          ; 0          ; 0          ; 0            ; 0            ; 0            ; 0          ; 0                ; 0                ; 0          ; 0          ; 0          ; 1          ; 0          ; 0            ; 0            ; 0          ; 0              ; 0              ; 1            ;
; State.S_01       ; 0          ; 0         ; 0          ; 0          ; 0          ; 0          ; 0            ; 0            ; 0            ; 0          ; 0          ; 0          ; 0            ; 0            ; 0            ; 0          ; 0                ; 0                ; 0          ; 0          ; 1          ; 0          ; 0          ; 0            ; 0            ; 0          ; 0              ; 0              ; 1            ;
; State.S_05       ; 0          ; 0         ; 0          ; 0          ; 0          ; 0          ; 0            ; 0            ; 0            ; 0          ; 0          ; 0          ; 0            ; 0            ; 0            ; 0          ; 0                ; 0                ; 0          ; 1          ; 0          ; 0          ; 0          ; 0            ; 0            ; 0          ; 0              ; 0              ; 1            ;
; State.S_09       ; 0          ; 0         ; 0          ; 0          ; 0          ; 0          ; 0            ; 0            ; 0            ; 0          ; 0          ; 0          ; 0            ; 0            ; 0            ; 0          ; 0                ; 0                ; 1          ; 0          ; 0          ; 0          ; 0          ; 0            ; 0            ; 0          ; 0              ; 0              ; 1            ;
; State.S_PauseIR1 ; 0          ; 0         ; 0          ; 0          ; 0          ; 0          ; 0            ; 0            ; 0            ; 0          ; 0          ; 0          ; 0            ; 0            ; 0            ; 0          ; 0                ; 1                ; 0          ; 0          ; 0          ; 0          ; 0          ; 0            ; 0            ; 0          ; 0              ; 0              ; 1            ;
; State.S_PauseIR2 ; 0          ; 0         ; 0          ; 0          ; 0          ; 0          ; 0            ; 0            ; 0            ; 0          ; 0          ; 0          ; 0            ; 0            ; 0            ; 0          ; 1                ; 0                ; 0          ; 0          ; 0          ; 0          ; 0          ; 0            ; 0            ; 0          ; 0              ; 0              ; 1            ;
; State.S_06       ; 0          ; 0         ; 0          ; 0          ; 0          ; 0          ; 0            ; 0            ; 0            ; 0          ; 0          ; 0          ; 0            ; 0            ; 0            ; 1          ; 0                ; 0                ; 0          ; 0          ; 0          ; 0          ; 0          ; 0            ; 0            ; 0          ; 0              ; 0              ; 1            ;
; State.S_25_0     ; 0          ; 0         ; 0          ; 0          ; 0          ; 0          ; 0            ; 0            ; 0            ; 0          ; 0          ; 0          ; 0            ; 0            ; 1            ; 0          ; 0                ; 0                ; 0          ; 0          ; 0          ; 0          ; 0          ; 0            ; 0            ; 0          ; 0              ; 0              ; 1            ;
; State.S_25_1     ; 0          ; 0         ; 0          ; 0          ; 0          ; 0          ; 0            ; 0            ; 0            ; 0          ; 0          ; 0          ; 0            ; 1            ; 0            ; 0          ; 0                ; 0                ; 0          ; 0          ; 0          ; 0          ; 0          ; 0            ; 0            ; 0          ; 0              ; 0              ; 1            ;
; State.S_25_2     ; 0          ; 0         ; 0          ; 0          ; 0          ; 0          ; 0            ; 0            ; 0            ; 0          ; 0          ; 0          ; 1            ; 0            ; 0            ; 0          ; 0                ; 0                ; 0          ; 0          ; 0          ; 0          ; 0          ; 0            ; 0            ; 0          ; 0              ; 0              ; 1            ;
; State.S_27       ; 0          ; 0         ; 0          ; 0          ; 0          ; 0          ; 0            ; 0            ; 0            ; 0          ; 0          ; 1          ; 0            ; 0            ; 0            ; 0          ; 0                ; 0                ; 0          ; 0          ; 0          ; 0          ; 0          ; 0            ; 0            ; 0          ; 0              ; 0              ; 1            ;
; State.S_07       ; 0          ; 0         ; 0          ; 0          ; 0          ; 0          ; 0            ; 0            ; 0            ; 0          ; 1          ; 0          ; 0            ; 0            ; 0            ; 0          ; 0                ; 0                ; 0          ; 0          ; 0          ; 0          ; 0          ; 0            ; 0            ; 0          ; 0              ; 0              ; 1            ;
; State.S_23       ; 0          ; 0         ; 0          ; 0          ; 0          ; 0          ; 0            ; 0            ; 0            ; 1          ; 0          ; 0          ; 0            ; 0            ; 0            ; 0          ; 0                ; 0                ; 0          ; 0          ; 0          ; 0          ; 0          ; 0            ; 0            ; 0          ; 0              ; 0              ; 1            ;
; State.S_16_0     ; 0          ; 0         ; 0          ; 0          ; 0          ; 0          ; 0            ; 0            ; 1            ; 0          ; 0          ; 0          ; 0            ; 0            ; 0            ; 0          ; 0                ; 0                ; 0          ; 0          ; 0          ; 0          ; 0          ; 0            ; 0            ; 0          ; 0              ; 0              ; 1            ;
; State.S_16_1     ; 0          ; 0         ; 0          ; 0          ; 0          ; 0          ; 0            ; 1            ; 0            ; 0          ; 0          ; 0          ; 0            ; 0            ; 0            ; 0          ; 0                ; 0                ; 0          ; 0          ; 0          ; 0          ; 0          ; 0            ; 0            ; 0          ; 0              ; 0              ; 1            ;
; State.S_16_2     ; 0          ; 0         ; 0          ; 0          ; 0          ; 0          ; 1            ; 0            ; 0            ; 0          ; 0          ; 0          ; 0            ; 0            ; 0            ; 0          ; 0                ; 0                ; 0          ; 0          ; 0          ; 0          ; 0          ; 0            ; 0            ; 0          ; 0              ; 0              ; 1            ;
; State.S_04       ; 0          ; 0         ; 0          ; 0          ; 0          ; 1          ; 0            ; 0            ; 0            ; 0          ; 0          ; 0          ; 0            ; 0            ; 0            ; 0          ; 0                ; 0                ; 0          ; 0          ; 0          ; 0          ; 0          ; 0            ; 0            ; 0          ; 0              ; 0              ; 1            ;
; State.S_21       ; 0          ; 0         ; 0          ; 0          ; 1          ; 0          ; 0            ; 0            ; 0            ; 0          ; 0          ; 0          ; 0            ; 0            ; 0            ; 0          ; 0                ; 0                ; 0          ; 0          ; 0          ; 0          ; 0          ; 0            ; 0            ; 0          ; 0              ; 0              ; 1            ;
; State.S_20       ; 0          ; 0         ; 0          ; 1          ; 0          ; 0          ; 0            ; 0            ; 0            ; 0          ; 0          ; 0          ; 0            ; 0            ; 0            ; 0          ; 0                ; 0                ; 0          ; 0          ; 0          ; 0          ; 0          ; 0            ; 0            ; 0          ; 0              ; 0              ; 1            ;
; State.S_12       ; 0          ; 0         ; 1          ; 0          ; 0          ; 0          ; 0            ; 0            ; 0            ; 0          ; 0          ; 0          ; 0            ; 0            ; 0            ; 0          ; 0                ; 0                ; 0          ; 0          ; 0          ; 0          ; 0          ; 0            ; 0            ; 0          ; 0              ; 0              ; 1            ;
; State.S_0        ; 0          ; 1         ; 0          ; 0          ; 0          ; 0          ; 0            ; 0            ; 0            ; 0          ; 0          ; 0          ; 0            ; 0            ; 0            ; 0          ; 0                ; 0                ; 0          ; 0          ; 0          ; 0          ; 0          ; 0            ; 0            ; 0          ; 0              ; 0              ; 1            ;
; State.S_22       ; 1          ; 0         ; 0          ; 0          ; 0          ; 0          ; 0            ; 0            ; 0            ; 0          ; 0          ; 0          ; 0            ; 0            ; 0            ; 0          ; 0                ; 0                ; 0          ; 0          ; 0          ; 0          ; 0          ; 0            ; 0            ; 0          ; 0              ; 0              ; 1            ;
+------------------+------------+-----------+------------+------------+------------+------------+--------------+--------------+--------------+------------+------------+------------+--------------+--------------+--------------+------------+------------------+------------------+------------+------------+------------+------------+------------+--------------+--------------+------------+----------------+----------------+--------------+


+------------------------------------------------------------+
; Registers Removed During Synthesis                         ;
+---------------------------------------+--------------------+
; Register name                         ; Reason for Removal ;
+---------------------------------------+--------------------+
; ISDU:state_controller|State.PauseIR1  ; Lost fanout        ;
; ISDU:state_controller|State.PauseIR2  ; Lost fanout        ;
; ISDU:state_controller|State~2         ; Lost fanout        ;
; ISDU:state_controller|State~3         ; Lost fanout        ;
; ISDU:state_controller|State~4         ; Lost fanout        ;
; ISDU:state_controller|State~5         ; Lost fanout        ;
; ISDU:state_controller|State~6         ; Lost fanout        ;
; Total Number of Removed Registers = 7 ;                    ;
+---------------------------------------+--------------------+


+------------------------------------------------------+
; General Register Statistics                          ;
+----------------------------------------------+-------+
; Statistic                                    ; Value ;
+----------------------------------------------+-------+
; Total registers                              ; 271   ;
; Number of registers using Synchronous Clear  ; 19    ;
; Number of registers using Synchronous Load   ; 16    ;
; Number of registers using Asynchronous Clear ; 0     ;
; Number of registers using Asynchronous Load  ; 0     ;
; Number of registers using Clock Enable       ; 210   ;
; Number of registers using Preset             ; 0     ;
+----------------------------------------------+-------+


+----------------------------------------------------------------------------------------------------------------------------------------------------------------+
; Multiplexer Restructuring Statistics (Restructuring Performed)                                                                                                 ;
+--------------------+-----------+---------------+----------------------+------------------------+------------+--------------------------------------------------+
; Multiplexer Inputs ; Bus Width ; Baseline Area ; Area if Restructured ; Saving if Restructured ; Registered ; Example Multiplexer Output                       ;
+--------------------+-----------+---------------+----------------------+------------------------+------------+--------------------------------------------------+
; 3:1                ; 16 bits   ; 32 LEs        ; 16 LEs               ; 16 LEs                 ; Yes        ; |slc3|datapath:d0|reg_unit:IR_REGISTER|data[1]   ;
; 3:1                ; 16 bits   ; 32 LEs        ; 16 LEs               ; 16 LEs                 ; Yes        ; |slc3|datapath:d0|reg_file:register_file|R0[6]   ;
; 3:1                ; 16 bits   ; 32 LEs        ; 16 LEs               ; 16 LEs                 ; Yes        ; |slc3|datapath:d0|reg_file:register_file|R1[2]   ;
; 3:1                ; 16 bits   ; 32 LEs        ; 16 LEs               ; 16 LEs                 ; Yes        ; |slc3|datapath:d0|reg_file:register_file|R2[2]   ;
; 3:1                ; 16 bits   ; 32 LEs        ; 16 LEs               ; 16 LEs                 ; Yes        ; |slc3|datapath:d0|reg_file:register_file|R3[2]   ;
; 3:1                ; 16 bits   ; 32 LEs        ; 16 LEs               ; 16 LEs                 ; Yes        ; |slc3|datapath:d0|reg_file:register_file|R4[10]  ;
; 3:1                ; 16 bits   ; 32 LEs        ; 16 LEs               ; 16 LEs                 ; Yes        ; |slc3|datapath:d0|reg_file:register_file|R5[3]   ;
; 3:1                ; 16 bits   ; 32 LEs        ; 16 LEs               ; 16 LEs                 ; Yes        ; |slc3|datapath:d0|reg_file:register_file|R6[7]   ;
; 3:1                ; 16 bits   ; 32 LEs        ; 16 LEs               ; 16 LEs                 ; Yes        ; |slc3|datapath:d0|reg_file:register_file|R7[4]   ;
; 3:1                ; 16 bits   ; 32 LEs        ; 16 LEs               ; 16 LEs                 ; Yes        ; |slc3|Mem2IO:memory_subsystem|hex_data[3]        ;
; 3:1                ; 16 bits   ; 32 LEs        ; 16 LEs               ; 16 LEs                 ; Yes        ; |slc3|datapath:d0|reg_unit:MAR_REGISTER|data[12] ;
; 4:1                ; 2 bits    ; 4 LEs         ; 2 LEs                ; 2 LEs                  ; Yes        ; |slc3|datapath:d0|CC:set_cc|N                    ;
; 4:1                ; 16 bits   ; 32 LEs        ; 32 LEs               ; 0 LEs                  ; Yes        ; |slc3|datapath:d0|reg_unit:PC_REGISTER|data[4]   ;
; 6:1                ; 16 bits   ; 64 LEs        ; 32 LEs               ; 32 LEs                 ; Yes        ; |slc3|datapath:d0|reg_unit:MDR_REGISTER|data[2]  ;
; 3:1                ; 2 bits    ; 4 LEs         ; 4 LEs                ; 0 LEs                  ; No         ; |slc3|datapath:d0|Mux_4:ADDR2_MUX|Bus_out[15]    ;
; 8:1                ; 16 bits   ; 80 LEs        ; 80 LEs               ; 0 LEs                  ; No         ; |slc3|datapath:d0|reg_file:register_file|Mux10   ;
; 4:1                ; 3 bits    ; 6 LEs         ; 6 LEs                ; 0 LEs                  ; No         ; |slc3|ISDU:state_controller|State                ;
; 3:1                ; 3 bits    ; 6 LEs         ; 6 LEs                ; 0 LEs                  ; No         ; |slc3|datapath:d0|Mux_4:ADDR2_MUX|Bus_out[7]     ;
; 9:1                ; 16 bits   ; 96 LEs        ; 96 LEs               ; 0 LEs                  ; No         ; |slc3|datapath:d0|Mux_2:SR2_MUX|Bus_out[9]       ;
; 8:1                ; 16 bits   ; 80 LEs        ; 64 LEs               ; 16 LEs                 ; No         ; |slc3|datapath:d0|bus:Bus_MUX|Bus_out[2]         ;
+--------------------+-----------+---------------+----------------------+------------------------+------------+--------------------------------------------------+


+--------------------------------------------------------------------------------+
; Parameter Settings for User Entity Instance: datapath:d0|reg_unit:MAR_REGISTER ;
+----------------+-------+-------------------------------------------------------+
; Parameter Name ; Value ; Type                                                  ;
+----------------+-------+-------------------------------------------------------+
; N              ; 16    ; Signed Integer                                        ;
+----------------+-------+-------------------------------------------------------+
Note: In order to hide this table in the UI and the text report file, please set the "Show Parameter Settings in Synthesis Report" option in "Analysis and Synthesis Settings -> More Settings" to "Off".


+--------------------------------------------------------------------------------+
; Parameter Settings for User Entity Instance: datapath:d0|reg_unit:MDR_REGISTER ;
+----------------+-------+-------------------------------------------------------+
; Parameter Name ; Value ; Type                                                  ;
+----------------+-------+-------------------------------------------------------+
; N              ; 16    ; Signed Integer                                        ;
+----------------+-------+-------------------------------------------------------+
Note: In order to hide this table in the UI and the text report file, please set the "Show Parameter Settings in Synthesis Report" option in "Analysis and Synthesis Settings -> More Settings" to "Off".


+-------------------------------------------------------------------------------+
; Parameter Settings for User Entity Instance: datapath:d0|reg_unit:PC_REGISTER ;
+----------------+-------+------------------------------------------------------+
; Parameter Name ; Value ; Type                                                 ;
+----------------+-------+------------------------------------------------------+
; N              ; 16    ; Signed Integer                                       ;
+----------------+-------+------------------------------------------------------+
Note: In order to hide this table in the UI and the text report file, please set the "Show Parameter Settings in Synthesis Report" option in "Analysis and Synthesis Settings -> More Settings" to "Off".


+-------------------------------------------------------------------------------+
; Parameter Settings for User Entity Instance: datapath:d0|reg_unit:IR_REGISTER ;
+----------------+-------+------------------------------------------------------+
; Parameter Name ; Value ; Type                                                 ;
+----------------+-------+------------------------------------------------------+
; N              ; 16    ; Signed Integer                                       ;
+----------------+-------+------------------------------------------------------+
Note: In order to hide this table in the UI and the text report file, please set the "Show Parameter Settings in Synthesis Report" option in "Analysis and Synthesis Settings -> More Settings" to "Off".


+--------------------------------------------------------------------------------+
; Parameter Settings for User Entity Instance: datapath:d0|reg_unit:BEN_REGISTER ;
+----------------+-------+-------------------------------------------------------+
; Parameter Name ; Value ; Type                                                  ;
+----------------+-------+-------------------------------------------------------+
; N              ; 1     ; Signed Integer                                        ;
+----------------+-------+-------------------------------------------------------+
Note: In order to hide this table in the UI and the text report file, please set the "Show Parameter Settings in Synthesis Report" option in "Analysis and Synthesis Settings -> More Settings" to "Off".


+----------------------------------------------------------------------+
; Parameter Settings for User Entity Instance: datapath:d0|Mux_2:MDR_M ;
+----------------+-------+---------------------------------------------+
; Parameter Name ; Value ; Type                                        ;
+----------------+-------+---------------------------------------------+
; N              ; 16    ; Signed Integer                              ;
+----------------+-------+---------------------------------------------+
Note: In order to hide this table in the UI and the text report file, please set the "Show Parameter Settings in Synthesis Report" option in "Analysis and Synthesis Settings -> More Settings" to "Off".


+---------------------------------------------------------------------+
; Parameter Settings for User Entity Instance: datapath:d0|Mux_3:PC_M ;
+----------------+-------+--------------------------------------------+
; Parameter Name ; Value ; Type                                       ;
+----------------+-------+--------------------------------------------+
; N              ; 16    ; Signed Integer                             ;
+----------------+-------+--------------------------------------------+
Note: In order to hide this table in the UI and the text report file, please set the "Show Parameter Settings in Synthesis Report" option in "Analysis and Synthesis Settings -> More Settings" to "Off".


+----------------------------------------------------------------------+
; Parameter Settings for User Entity Instance: datapath:d0|bus:Bus_MUX ;
+----------------+-------+---------------------------------------------+
; Parameter Name ; Value ; Type                                        ;
+----------------+-------+---------------------------------------------+
; N              ; 16    ; Signed Integer                              ;
+----------------+-------+---------------------------------------------+
Note: In order to hide this table in the UI and the text report file, please set the "Show Parameter Settings in Synthesis Report" option in "Analysis and Synthesis Settings -> More Settings" to "Off".


+--------------------------------------------------------------------------+
; Parameter Settings for User Entity Instance: datapath:d0|Mux_2:ADDR1_MUX ;
+----------------+-------+-------------------------------------------------+
; Parameter Name ; Value ; Type                                            ;
+----------------+-------+-------------------------------------------------+
; N              ; 16    ; Signed Integer                                  ;
+----------------+-------+-------------------------------------------------+
Note: In order to hide this table in the UI and the text report file, please set the "Show Parameter Settings in Synthesis Report" option in "Analysis and Synthesis Settings -> More Settings" to "Off".


+------------------------------------------------------------------------+
; Parameter Settings for User Entity Instance: datapath:d0|Mux_2:SR2_MUX ;
+----------------+-------+-----------------------------------------------+
; Parameter Name ; Value ; Type                                          ;
+----------------+-------+-----------------------------------------------+
; N              ; 16    ; Signed Integer                                ;
+----------------+-------+-----------------------------------------------+
Note: In order to hide this table in the UI and the text report file, please set the "Show Parameter Settings in Synthesis Report" option in "Analysis and Synthesis Settings -> More Settings" to "Off".


+------------------------------------------------------------------------+
; Parameter Settings for User Entity Instance: datapath:d0|Mux_2:SR1_MUX ;
+----------------+-------+-----------------------------------------------+
; Parameter Name ; Value ; Type                                          ;
+----------------+-------+-----------------------------------------------+
; N              ; 3     ; Signed Integer                                ;
+----------------+-------+-----------------------------------------------+
Note: In order to hide this table in the UI and the text report file, please set the "Show Parameter Settings in Synthesis Report" option in "Analysis and Synthesis Settings -> More Settings" to "Off".


+-----------------------------------------------------------------------+
; Parameter Settings for User Entity Instance: datapath:d0|Mux_2:DR_MUX ;
+----------------+-------+----------------------------------------------+
; Parameter Name ; Value ; Type                                         ;
+----------------+-------+----------------------------------------------+
; N              ; 3     ; Signed Integer                               ;
+----------------+-------+----------------------------------------------+
Note: In order to hide this table in the UI and the text report file, please set the "Show Parameter Settings in Synthesis Report" option in "Analysis and Synthesis Settings -> More Settings" to "Off".


+-----------------------------------------------------------+
; Parameter Settings for User Entity Instance: tristate:tr0 ;
+----------------+-------+----------------------------------+
; Parameter Name ; Value ; Type                             ;
+----------------+-------+----------------------------------+
; N              ; 16    ; Signed Integer                   ;
+----------------+-------+----------------------------------+
Note: In order to hide this table in the UI and the text report file, please set the "Show Parameter Settings in Synthesis Report" option in "Analysis and Synthesis Settings -> More Settings" to "Off".


+------------------------------------------------------------------------------------------------------------------+
; Port Connectivity Checks: "ISDU:state_controller"                                                                ;
+--------+--------+----------+-------------------------------------------------------------------------------------+
; Port   ; Type   ; Severity ; Details                                                                             ;
+--------+--------+----------+-------------------------------------------------------------------------------------+
; LD_LED ; Output ; Info     ; Connected to dangling logic. Logic that only feeds a dangling port will be removed. ;
+--------+--------+----------+-------------------------------------------------------------------------------------+


+-----------------------------------------------------+
; Port Connectivity Checks: "Mem2IO:memory_subsystem" ;
+--------------+-------+----------+-------------------+
; Port         ; Type  ; Severity ; Details           ;
+--------------+-------+----------+-------------------+
; ADDR[19..16] ; Input ; Info     ; Stuck at GND      ;
+--------------+-------+----------+-------------------+


+------------------------------------------------------+
; Port Connectivity Checks: "datapath:d0|Mux_2:DR_MUX" ;
+------+-------+----------+----------------------------+
; Port ; Type  ; Severity ; Details                    ;
+------+-------+----------+----------------------------+
; A    ; Input ; Info     ; Stuck at VCC               ;
+------+-------+----------+----------------------------+


+------------------------------------------------------------------+
; Port Connectivity Checks: "datapath:d0|ALU_LOGIC:ADDR_MUX_ADDER" ;
+------+-------+----------+----------------------------------------+
; Port ; Type  ; Severity ; Details                                ;
+------+-------+----------+----------------------------------------+
; ALUK ; Input ; Info     ; Stuck at GND                           ;
+------+-------+----------+----------------------------------------+


+---------------------------------------------------------+
; Port Connectivity Checks: "datapath:d0|Mux_4:ADDR2_MUX" ;
+------+-------+----------+-------------------------------+
; Port ; Type  ; Severity ; Details                       ;
+------+-------+----------+-------------------------------+
; A    ; Input ; Info     ; Stuck at GND                  ;
+------+-------+----------+-------------------------------+


+--------------------------------------------------------------------------------------------------------------------------------------------------------------------------+
; Port Connectivity Checks: "datapath:d0"                                                                                                                                  ;
+-------+--------+----------+----------------------------------------------------------------------------------------------------------------------------------------------+
; Port  ; Type   ; Severity ; Details                                                                                                                                      ;
+-------+--------+----------+----------------------------------------------------------------------------------------------------------------------------------------------+
; ALU_O ; Output ; Info     ; Connected to dangling logic. Logic that only feeds a dangling port will be removed.                                                          ;
; L_LED ; Input  ; Warning  ; Declared by entity but not connected by instance. If a default value exists, it will be used.  Otherwise, the port will be connected to GND. ;
; LED_O ; Output ; Warning  ; Declared by entity but not connected by instance. Logic that only feeds a dangling port will be removed.                                     ;
+-------+--------+----------+----------------------------------------------------------------------------------------------------------------------------------------------+


+-----------------------------------------------------+
; Post-Synthesis Netlist Statistics for Top Partition ;
+-----------------------+-----------------------------+
; Type                  ; Count                       ;
+-----------------------+-----------------------------+
; boundary_port         ; 129                         ;
; cycloneiii_ff         ; 271                         ;
;     ENA               ; 194                         ;
;     ENA SCLR SLD      ; 16                          ;
;     SCLR              ; 3                           ;
;     plain             ; 58                          ;
; cycloneiii_io_obuf    ; 16                          ;
; cycloneiii_lcell_comb ; 681                         ;
;     arith             ; 45                          ;
;         2 data inputs ; 15                          ;
;         3 data inputs ; 30                          ;
;     normal            ; 636                         ;
;         0 data inputs ; 1                           ;
;         1 data inputs ; 10                          ;
;         2 data inputs ; 192                         ;
;         3 data inputs ; 59                          ;
;         4 data inputs ; 374                         ;
;                       ;                             ;
; Max LUT depth         ; 12.50                       ;
; Average LUT depth     ; 7.56                        ;
+-----------------------+-----------------------------+


+-------------------------------+
; Elapsed Time Per Partition    ;
+----------------+--------------+
; Partition Name ; Elapsed Time ;
+----------------+--------------+
; Top            ; 00:00:02     ;
+----------------+--------------+


+-------------------------------+
; Analysis & Synthesis Messages ;
+-------------------------------+
Info: *******************************************************************
Info: Running Quartus Prime Analysis & Synthesis
    Info: Version 16.1.2 Build 203 01/18/2017 SJ Standard Edition
    Info: Processing started: Sat Apr 21 23:45:30 2018
Info: Command: quartus_map --read_settings_files=on --write_settings_files=off lab6 -c lab6
Warning (18236): Number of processors has not been specified which may cause overloading on shared machines.  Set the global assignment NUM_PARALLEL_PROCESSORS in your QSF to an appropriate value for best performance.
Info (20030): Parallel compilation is enabled and will use 4 of the 4 processors detected
Info (12021): Found 1 design units, including 1 entities, in source file tristate.sv
    Info (12023): Found entity 1: tristate File: U:/ece385/lab6_demo/tristate.sv Line: 16
Info (12021): Found 1 design units, including 1 entities, in source file test_memory.sv
    Info (12023): Found entity 1: test_memory File: U:/ece385/lab6_demo/test_memory.sv Line: 22
Info (12021): Found 1 design units, including 0 entities, in source file slc3_2.sv
    Info (12022): Found design unit 1: SLC3_2 (SystemVerilog) File: U:/ece385/lab6_demo/SLC3_2.sv Line: 24
Info (12021): Found 1 design units, including 1 entities, in source file slc3.sv
    Info (12023): Found entity 1: slc3 File: U:/ece385/lab6_demo/slc3.sv Line: 19
Info (12021): Found 1 design units, including 1 entities, in source file memory_contents.sv
    Info (12023): Found entity 1: memory_parser File: U:/ece385/lab6_demo/memory_contents.sv Line: 16
Info (12021): Found 1 design units, including 1 entities, in source file mem2io.sv
    Info (12023): Found entity 1: Mem2IO File: U:/ece385/lab6_demo/Mem2IO.sv Line: 16
Info (12021): Found 1 design units, including 1 entities, in source file lab6_toplevel.sv
    Info (12023): Found entity 1: lab6_toplevel File: U:/ece385/lab6_demo/lab6_toplevel.sv Line: 10
Info (12021): Found 1 design units, including 1 entities, in source file isdu.sv
    Info (12023): Found entity 1: ISDU File: U:/ece385/lab6_demo/ISDU.sv Line: 19
Info (12021): Found 1 design units, including 1 entities, in source file pc.sv
    Info (12023): Found entity 1: pc File: U:/ece385/lab6_demo/pc.sv Line: 1
Info (12021): Found 1 design units, including 1 entities, in source file datapath.sv
    Info (12023): Found entity 1: datapath File: U:/ece385/lab6_demo/datapath.sv Line: 1
Info (12021): Found 1 design units, including 1 entities, in source file regis_file.sv
    Info (12023): Found entity 1: reg_unit File: U:/ece385/lab6_demo/regis_file.sv Line: 1
Info (12021): Found 1 design units, including 1 entities, in source file bus.sv
    Info (12023): Found entity 1: bus File: U:/ece385/lab6_demo/bus.sv Line: 1
Info (12021): Found 1 design units, including 1 entities, in source file mux_module.sv
    Info (12023): Found entity 1: Mux_2 File: U:/ece385/lab6_demo/mux_module.sv Line: 1
Info (12021): Found 1 design units, including 1 entities, in source file mux_4.sv
    Info (12023): Found entity 1: Mux_4 File: U:/ece385/lab6_demo/mux_4.sv Line: 1
Info (12021): Found 1 design units, including 1 entities, in source file mux_3.sv
    Info (12023): Found entity 1: Mux_3 File: U:/ece385/lab6_demo/mux_3.sv Line: 1
Info (12021): Found 1 design units, including 1 entities, in source file hexdriver.sv
    Info (12023): Found entity 1: HexDriver File: U:/ece385/lab6_demo/hexdriver.sv Line: 1
Info (12021): Found 1 design units, including 1 entities, in source file testbench.sv
    Info (12023): Found entity 1: testbench File: U:/ece385/lab6_demo/testbench.sv Line: 1
Info (12021): Found 1 design units, including 1 entities, in source file alu_address.sv
    Info (12023): Found entity 1: ALU_ADRS File: U:/ece385/lab6_demo/ALU_ADDRESS.sv Line: 1
Info (12021): Found 1 design units, including 1 entities, in source file real_reg_file.sv
    Info (12023): Found entity 1: reg_file File: U:/ece385/lab6_demo/Real_reg_file.sv Line: 1
Info (12021): Found 1 design units, including 1 entities, in source file sext_6.sv
    Info (12023): Found entity 1: SEXT_6 File: U:/ece385/lab6_demo/SEXT_6.sv Line: 1
Info (12021): Found 1 design units, including 1 entities, in source file sext_9.sv
    Info (12023): Found entity 1: SEXT_9 File: U:/ece385/lab6_demo/SEXT_9.sv Line: 1
Info (12021): Found 1 design units, including 1 entities, in source file sext.sv
    Info (12023): Found entity 1: SEXT_11 File: U:/ece385/lab6_demo/SEXT.sv Line: 1
Info (12021): Found 1 design units, including 1 entities, in source file sext_5.sv
    Info (12023): Found entity 1: SEXT_5 File: U:/ece385/lab6_demo/SEXT_5.sv Line: 1
Info (12021): Found 1 design units, including 1 entities, in source file cc.sv
    Info (12023): Found entity 1: CC File: U:/ece385/lab6_demo/CC.sv Line: 1
Info (12021): Found 1 design units, including 1 entities, in source file alu_logic.sv
    Info (12023): Found entity 1: ALU_LOGIC File: U:/ece385/lab6_demo/ALU_LOGIC.sv Line: 1
Info (12021): Found 3 design units, including 3 entities, in source file output_files/syncronizer.sv
    Info (12023): Found entity 1: sync File: U:/ece385/lab6_demo/output_files/syncronizer.sv Line: 4
    Info (12023): Found entity 2: sync_r0 File: U:/ece385/lab6_demo/output_files/syncronizer.sv Line: 18
    Info (12023): Found entity 3: sync_r1 File: U:/ece385/lab6_demo/output_files/syncronizer.sv Line: 39
Info (12127): Elaborating entity "slc3" for the top level hierarchy
Info (12128): Elaborating entity "HexDriver" for hierarchy "HexDriver:hex_driver3" File: U:/ece385/lab6_demo/slc3.sv Line: 61
Info (12128): Elaborating entity "datapath" for hierarchy "datapath:d0" File: U:/ece385/lab6_demo/slc3.sv Line: 134
Warning (10034): Output port "LED_O" at datapath.sv(17) has no driver File: U:/ece385/lab6_demo/datapath.sv Line: 17
Info (12128): Elaborating entity "reg_unit" for hierarchy "datapath:d0|reg_unit:MAR_REGISTER" File: U:/ece385/lab6_demo/datapath.sv Line: 94
Info (12128): Elaborating entity "reg_unit" for hierarchy "datapath:d0|reg_unit:BEN_REGISTER" File: U:/ece385/lab6_demo/datapath.sv Line: 130
Info (12128): Elaborating entity "Mux_2" for hierarchy "datapath:d0|Mux_2:MDR_M" File: U:/ece385/lab6_demo/datapath.sv Line: 140
Info (12128): Elaborating entity "Mux_3" for hierarchy "datapath:d0|Mux_3:PC_M" File: U:/ece385/lab6_demo/datapath.sv Line: 151
Info (12128): Elaborating entity "bus" for hierarchy "datapath:d0|bus:Bus_MUX" File: U:/ece385/lab6_demo/datapath.sv Line: 160
Info (12128): Elaborating entity "SEXT_11" for hierarchy "datapath:d0|SEXT_11:S_11" File: U:/ece385/lab6_demo/datapath.sv Line: 164
Info (12128): Elaborating entity "SEXT_9" for hierarchy "datapath:d0|SEXT_9:S_09" File: U:/ece385/lab6_demo/datapath.sv Line: 168
Info (12128): Elaborating entity "SEXT_6" for hierarchy "datapath:d0|SEXT_6:S_06" File: U:/ece385/lab6_demo/datapath.sv Line: 172
Info (12128): Elaborating entity "SEXT_5" for hierarchy "datapath:d0|SEXT_5:S_05" File: U:/ece385/lab6_demo/datapath.sv Line: 176
Info (12128): Elaborating entity "Mux_4" for hierarchy "datapath:d0|Mux_4:ADDR2_MUX" File: U:/ece385/lab6_demo/datapath.sv Line: 184
Info (12128): Elaborating entity "ALU_LOGIC" for hierarchy "datapath:d0|ALU_LOGIC:ADDR_MUX_ADDER" File: U:/ece385/lab6_demo/datapath.sv Line: 200
Info (12128): Elaborating entity "Mux_2" for hierarchy "datapath:d0|Mux_2:SR1_MUX" File: U:/ece385/lab6_demo/datapath.sv Line: 213
Info (12128): Elaborating entity "reg_file" for hierarchy "datapath:d0|reg_file:register_file" File: U:/ece385/lab6_demo/datapath.sv Line: 242
Info (12128): Elaborating entity "CC" for hierarchy "datapath:d0|CC:set_cc" File: U:/ece385/lab6_demo/datapath.sv Line: 255
Info (12128): Elaborating entity "Mem2IO" for hierarchy "Mem2IO:memory_subsystem" File: U:/ece385/lab6_demo/slc3.sv Line: 142
Info (12128): Elaborating entity "tristate" for hierarchy "tristate:tr0" File: U:/ece385/lab6_demo/slc3.sv Line: 147
Info (12128): Elaborating entity "ISDU" for hierarchy "ISDU:state_controller" File: U:/ece385/lab6_demo/slc3.sv Line: 154
Info (10264): Verilog HDL Case Statement information at ISDU.sv(131): all case item expressions in this case statement are onehot File: U:/ece385/lab6_demo/ISDU.sv Line: 131
Warning (12241): 1 hierarchies have connectivity warnings - see the Connectivity Checks report folder
Warning (13024): Output pins are stuck at VCC or GND
    Warning (13410): Pin "CE" is stuck at GND File: U:/ece385/lab6_demo/slc3.sv Line: 25
    Warning (13410): Pin "UB" is stuck at GND File: U:/ece385/lab6_demo/slc3.sv Line: 25
    Warning (13410): Pin "LB" is stuck at GND File: U:/ece385/lab6_demo/slc3.sv Line: 25
    Warning (13410): Pin "ADDR[16]" is stuck at GND File: U:/ece385/lab6_demo/slc3.sv Line: 26
    Warning (13410): Pin "ADDR[17]" is stuck at GND File: U:/ece385/lab6_demo/slc3.sv Line: 26
    Warning (13410): Pin "ADDR[18]" is stuck at GND File: U:/ece385/lab6_demo/slc3.sv Line: 26
    Warning (13410): Pin "ADDR[19]" is stuck at GND File: U:/ece385/lab6_demo/slc3.sv Line: 26
Info (286030): Timing-Driven Synthesis is running
Info (17049): 7 registers lost all their fanouts during netlist optimizations.
Info (16010): Generating hard_block partition "hard_block:auto_generated_inst"
    Info (16011): Adding 0 node(s), including 0 DDIO, 0 PLL, 0 transceiver and 0 LCELL
Info (21057): Implemented 864 device resources after synthesis - the final resource count might be different
    Info (21058): Implemented 20 input pins
    Info (21059): Implemented 93 output pins
    Info (21060): Implemented 16 bidirectional pins
    Info (21061): Implemented 735 logic cells
Info: Quartus Prime Analysis & Synthesis was successful. 0 errors, 11 warnings
    Info: Peak virtual memory: 708 megabytes
    Info: Processing ended: Sat Apr 21 23:45:52 2018
    Info: Elapsed time: 00:00:22
    Info: Total CPU time (on all processors): 00:00:22


